2026-05-07 01:26:16.450 [main] INFO  c.s.c.s.SpringCrudApplication - Starting SpringCrudApplication using Java 26 with PID 7633 (/Users/ramzan/Documents/spring_crud_api/target/classes started by ramzan in /Users/ramzan/Documents/spring_crud_api)
2026-05-07 01:26:16.451 [main] INFO  c.s.c.s.SpringCrudApplication - No active profile set, falling back to 1 default profile: "default"
2026-05-07 01:26:16.647 [main] INFO  o.s.d.r.c.RepositoryConfigurationDelegate - Bootstrapping Spring Data JPA repositories in DEFAULT mode.
2026-05-07 01:26:16.664 [main] INFO  o.s.d.r.c.RepositoryConfigurationDelegate - Finished Spring Data repository scanning in 14 ms. Found 1 JPA repository interface.
2026-05-07 01:26:16.821 [main] INFO  o.s.b.w.e.tomcat.TomcatWebServer - Tomcat initialized with port 8080 (http)
2026-05-07 01:26:16.825 [main] INFO  o.a.coyote.http11.Http11NioProtocol - Initializing ProtocolHandler ["http-nio-8080"]
2026-05-07 01:26:16.826 [main] INFO  o.a.catalina.core.StandardService - Starting service [Tomcat]
2026-05-07 01:26:16.826 [main] INFO  o.a.catalina.core.StandardEngine - Starting Servlet engine: [Apache Tomcat/10.1.31]
2026-05-07 01:26:16.840 [main] INFO  o.a.c.c.C.[Tomcat].[localhost].[/] - Initializing Spring embedded WebApplicationContext
2026-05-07 01:26:16.840 [main] INFO  o.s.b.w.s.c.ServletWebServerApplicationContext - Root WebApplicationContext: initialization completed in 374 ms
2026-05-07 01:26:16.902 [main] INFO  o.h.jpa.internal.util.LogHelper - HHH000204: Processing PersistenceUnitInfo [name: default]
2026-05-07 01:26:16.924 [main] INFO  org.hibernate.Version - HHH000412: Hibernate ORM core version 6.5.3.Final
2026-05-07 01:26:16.936 [main] INFO  o.h.c.i.RegionFactoryInitiator - HHH000026: Second-level cache disabled
2026-05-07 01:26:17.035 [main] INFO  o.s.o.j.p.SpringPersistenceUnitInfo - No LoadTimeWeaver setup: ignoring JPA class transformer
2026-05-07 01:26:17.044 [main] INFO  com.zaxxer.hikari.HikariDataSource - HikariPool-1 - Starting...
2026-05-07 01:26:17.162 [main] INFO  com.zaxxer.hikari.pool.HikariPool - HikariPool-1 - Added connection com.mysql.cj.jdbc.ConnectionImpl@4c8d45cf
2026-05-07 01:26:17.162 [main] INFO  com.zaxxer.hikari.HikariDataSource - HikariPool-1 - Start completed.
2026-05-07 01:26:17.181 [main] WARN  org.hibernate.orm.deprecation - HHH90000025: MySQL8Dialect does not need to be specified explicitly using 'hibernate.dialect' (remove the property setting and it will be selected by default)
2026-05-07 01:26:17.182 [main] WARN  org.hibernate.orm.deprecation - HHH90000026: MySQL8Dialect has been deprecated; use org.hibernate.dialect.MySQLDialect instead
2026-05-07 01:26:17.418 [main] INFO  o.h.e.t.j.p.i.JtaPlatformInitiator - HHH000489: No JTA platform available (set 'hibernate.transaction.jta.platform' to enable JTA platform integration)
2026-05-07 01:26:17.439 [main] INFO  o.s.o.j.LocalContainerEntityManagerFactoryBean - Initialized JPA EntityManagerFactory for persistence unit 'default'
2026-05-07 01:26:17.550 [main] WARN  o.s.b.a.o.j.JpaBaseConfiguration$JpaWebConfiguration - spring.jpa.open-in-view is enabled by default. Therefore, database queries may be performed during view rendering. Explicitly configure spring.jpa.open-in-view to disable this warning
2026-05-07 01:26:17.661 [main] INFO  o.a.coyote.http11.Http11NioProtocol - Starting ProtocolHandler ["http-nio-8080"]
2026-05-07 01:26:17.666 [main] INFO  o.s.b.w.e.tomcat.TomcatWebServer - Tomcat started on port 8080 (http) with context path '/'
2026-05-07 01:26:17.669 [main] INFO  c.s.c.s.SpringCrudApplication - Started SpringCrudApplication in 1.409 seconds (process running for 1.678)
2026-05-07 01:26:43.610 [http-nio-8080-exec-4] INFO  c.l.web.WebsocketEmulationController - Connection opened [sessionId=609eba2fb7f0426c, user=<anonymous>]
2026-05-07 01:36:33.529 [http-nio-8080-exec-8] INFO  o.a.c.c.C.[Tomcat].[localhost].[/] - Initializing Spring DispatcherServlet 'dispatcherServlet'
2026-05-07 01:36:33.529 [http-nio-8080-exec-8] INFO  o.s.web.servlet.DispatcherServlet - Initializing Servlet 'dispatcherServlet'
2026-05-07 01:36:33.532 [http-nio-8080-exec-8] INFO  o.s.web.servlet.DispatcherServlet - Completed initialization in 3 ms
2026-05-07 01:40:30.534 [http-nio-8080-exec-2] INFO  c.l.web.WebsocketEmulationController - Connection closed [sessionId=609eba2fb7f0426c, user=<anonymous>, reason=page closed]
2026-05-07 01:40:30.621 [http-nio-8080-exec-6] INFO  c.l.web.WebsocketEmulationController - Connection opened [sessionId=32424c6d89616617, user=<anonymous>]
2026-05-07 01:42:46.629 [http-nio-8080-exec-5] WARN  o.s.w.s.m.s.DefaultHandlerExceptionResolver - Resolved [org.springframework.web.context.request.async.AsyncRequestNotUsableException: ServletOutputStream failed to flush: java.nio.channels.ClosedChannelException]
2026-05-07 01:42:46.630 [SpringApplicationShutdownHook] INFO  o.s.o.j.LocalContainerEntityManagerFactoryBean - Closing JPA EntityManagerFactory for persistence unit 'default'
2026-05-07 01:42:46.631 [SpringApplicationShutdownHook] INFO  com.zaxxer.hikari.HikariDataSource - HikariPool-1 - Shutdown initiated...
2026-05-07 01:42:46.634 [SpringApplicationShutdownHook] INFO  com.zaxxer.hikari.HikariDataSource - HikariPool-1 - Shutdown completed.
2026-05-07 01:42:46.635 [SpringApplicationShutdownHook] ERROR c.l.web.WebsocketEmulationController - Failed to close page: 32424c6d89616617
java.lang.RuntimeException: java.lang.reflect.InvocationTargetException
	at com.logviewer.utils.DelegateProxy.invoke(DelegateProxy.java:37)
	at jdk.proxy2/jdk.proxy2.$Proxy133.complete(Unknown Source)
	at com.logviewer.web.WebsocketEmulationController$ConnectionSession.close(WebsocketEmulationController.java:264)
	at com.logviewer.web.WebsocketEmulationController$ConnectionSession.access$000(WebsocketEmulationController.java:117)
	at com.logviewer.web.WebsocketEmulationController.close(WebsocketEmulationController.java:110)
	at com.logviewer.utils.Utils.closeQuietly(Utils.java:69)
	at com.logviewer.web.LogViewerServletHandler.destroy(LogViewerServletHandler.java:247)
	at com.logviewer.web.LogViewerServletJakarta.destroy(LogViewerServletJakarta.java:33)
	at org.apache.catalina.core.StandardWrapper.unload(StandardWrapper.java:960)
	at org.apache.catalina.core.StandardWrapper.stopInternal(StandardWrapper.java:1214)
	at org.apache.catalina.util.LifecycleBase.stop(LifecycleBase.java:231)
	at org.apache.catalina.core.StandardContext.stopInternal(StandardContext.java:4636)
	at org.apache.catalina.util.LifecycleBase.stop(LifecycleBase.java:231)
	at org.apache.catalina.core.ContainerBase$StopChild.call(ContainerBase.java:1219)
	at org.apache.catalina.core.ContainerBase$StopChild.call(ContainerBase.java:1208)
	at java.base/java.util.concurrent.FutureTask.run(FutureTask.java:330)
	at org.apache.tomcat.util.threads.InlineExecutorService.execute(InlineExecutorService.java:75)
	at java.base/java.util.concurrent.AbstractExecutorService.submit(AbstractExecutorService.java:149)
	at org.apache.catalina.core.ContainerBase.stopInternal(ContainerBase.java:814)
	at org.apache.catalina.util.LifecycleBase.stop(LifecycleBase.java:231)
	at org.apache.catalina.core.ContainerBase$StopChild.call(ContainerBase.java:1219)
	at org.apache.catalina.core.ContainerBase$StopChild.call(ContainerBase.java:1208)
	at java.base/java.util.concurrent.FutureTask.run(FutureTask.java:330)
	at org.apache.tomcat.util.threads.InlineExecutorService.execute(InlineExecutorService.java:75)
	at java.base/java.util.concurrent.AbstractExecutorService.submit(AbstractExecutorService.java:149)
	at org.apache.catalina.core.ContainerBase.stopInternal(ContainerBase.java:814)
	at org.apache.catalina.util.LifecycleBase.stop(LifecycleBase.java:231)
	at org.apache.catalina.core.StandardService.stopInternal(StandardService.java:471)
	at org.apache.catalina.util.LifecycleBase.stop(LifecycleBase.java:231)
	at org.apache.catalina.core.StandardServer.stopInternal(StandardServer.java:915)
	at org.apache.catalina.util.LifecycleBase.stop(LifecycleBase.java:231)
	at org.apache.catalina.startup.Tomcat.stop(Tomcat.java:447)
	at org.springframework.boot.web.embedded.tomcat.TomcatWebServer.stopTomcat(TomcatWebServer.java:301)
	at org.springframework.boot.web.embedded.tomcat.TomcatWebServer.destroy(TomcatWebServer.java:374)
	at org.springframework.boot.web.servlet.context.ServletWebServerApplicationContext.doClose(ServletWebServerApplicationContext.java:177)
	at org.springframework.context.support.AbstractApplicationContext.close(AbstractApplicationContext.java:1102)
	at org.springframework.boot.SpringApplicationShutdownHook.closeAndWait(SpringApplicationShutdownHook.java:145)
	at java.base/java.lang.Iterable.forEach(Iterable.java:75)
	at org.springframework.boot.SpringApplicationShutdownHook.run(SpringApplicationShutdownHook.java:114)
	at java.base/java.lang.Thread.run(Thread.java:1516)
Caused by: java.lang.reflect.InvocationTargetException: null
	at java.base/jdk.internal.reflect.DirectMethodHandleAccessor.invoke(DirectMethodHandleAccessor.java:119)
	at java.base/java.lang.reflect.Method.invoke(Method.java:565)
	at com.logviewer.utils.DelegateProxy.invoke(DelegateProxy.java:35)
	... 39 common frames omitted
Caused by: java.lang.IllegalStateException: The request associated with the AsyncContext has already completed processing.
	at org.apache.catalina.core.AsyncContextImpl.check(AsyncContextImpl.java:529)
	at org.apache.catalina.core.AsyncContextImpl.complete(AsyncContextImpl.java:92)
	at java.base/jdk.internal.reflect.DirectMethodHandleAccessor.invoke(DirectMethodHandleAccessor.java:104)
	... 41 common frames omitted
2026-05-07 01:42:48.318 [main] INFO  c.s.c.s.SpringCrudApplication - Starting SpringCrudApplication using Java 26 with PID 8551 (/Users/ramzan/Documents/spring_crud_api/target/classes started by ramzan in /Users/ramzan/Documents/spring_crud_api)
2026-05-07 01:42:48.318 [main] INFO  c.s.c.s.SpringCrudApplication - No active profile set, falling back to 1 default profile: "default"
2026-05-07 01:42:48.495 [main] INFO  o.s.d.r.c.RepositoryConfigurationDelegate - Bootstrapping Spring Data JPA repositories in DEFAULT mode.
2026-05-07 01:42:48.510 [main] INFO  o.s.d.r.c.RepositoryConfigurationDelegate - Finished Spring Data repository scanning in 12 ms. Found 1 JPA repository interface.
2026-05-07 01:42:48.656 [main] INFO  o.s.b.w.e.tomcat.TomcatWebServer - Tomcat initialized with port 8080 (http)
2026-05-07 01:42:48.659 [main] INFO  o.a.coyote.http11.Http11NioProtocol - Initializing ProtocolHandler ["http-nio-8080"]
2026-05-07 01:42:48.660 [main] INFO  o.a.catalina.core.StandardService - Starting service [Tomcat]
2026-05-07 01:42:48.660 [main] INFO  o.a.catalina.core.StandardEngine - Starting Servlet engine: [Apache Tomcat/10.1.31]
2026-05-07 01:42:48.677 [main] INFO  o.a.c.c.C.[Tomcat].[localhost].[/] - Initializing Spring embedded WebApplicationContext
2026-05-07 01:42:48.677 [main] INFO  o.s.b.w.s.c.ServletWebServerApplicationContext - Root WebApplicationContext: initialization completed in 343 ms
2026-05-07 01:42:48.728 [main] INFO  o.h.jpa.internal.util.LogHelper - HHH000204: Processing PersistenceUnitInfo [name: default]
2026-05-07 01:42:48.746 [main] INFO  org.hibernate.Version - HHH000412: Hibernate ORM core version 6.5.3.Final
2026-05-07 01:42:48.756 [main] INFO  o.h.c.i.RegionFactoryInitiator - HHH000026: Second-level cache disabled
2026-05-07 01:42:48.851 [main] INFO  o.s.o.j.p.SpringPersistenceUnitInfo - No LoadTimeWeaver setup: ignoring JPA class transformer
2026-05-07 01:42:48.858 [main] INFO  com.zaxxer.hikari.HikariDataSource - HikariPool-1 - Starting...
2026-05-07 01:42:48.962 [main] INFO  com.zaxxer.hikari.pool.HikariPool - HikariPool-1 - Added connection com.mysql.cj.jdbc.ConnectionImpl@73d91faf
2026-05-07 01:42:48.963 [main] INFO  com.zaxxer.hikari.HikariDataSource - HikariPool-1 - Start completed.
2026-05-07 01:42:48.979 [main] WARN  org.hibernate.orm.deprecation - HHH90000025: MySQL8Dialect does not need to be specified explicitly using 'hibernate.dialect' (remove the property setting and it will be selected by default)
2026-05-07 01:42:48.980 [main] WARN  org.hibernate.orm.deprecation - HHH90000026: MySQL8Dialect has been deprecated; use org.hibernate.dialect.MySQLDialect instead
2026-05-07 01:42:49.213 [main] INFO  o.h.e.t.j.p.i.JtaPlatformInitiator - HHH000489: No JTA platform available (set 'hibernate.transaction.jta.platform' to enable JTA platform integration)
2026-05-07 01:42:49.230 [main] INFO  o.s.o.j.LocalContainerEntityManagerFactoryBean - Initialized JPA EntityManagerFactory for persistence unit 'default'
2026-05-07 01:42:49.340 [main] WARN  o.s.b.a.o.j.JpaBaseConfiguration$JpaWebConfiguration - spring.jpa.open-in-view is enabled by default. Therefore, database queries may be performed during view rendering. Explicitly configure spring.jpa.open-in-view to disable this warning
2026-05-07 01:42:49.448 [main] INFO  o.a.coyote.http11.Http11NioProtocol - Starting ProtocolHandler ["http-nio-8080"]
2026-05-07 01:42:49.453 [main] INFO  o.s.b.w.e.tomcat.TomcatWebServer - Tomcat started on port 8080 (http) with context path '/'
2026-05-07 01:42:49.456 [main] INFO  c.s.c.s.SpringCrudApplication - Started SpringCrudApplication in 1.303 seconds (process running for 1.498)
2026-05-07 01:42:59.221 [http-nio-8080-exec-2] INFO  c.l.web.WebsocketEmulationController - Connection opened [sessionId=be74fb3b8b2021f5, user=<anonymous>]
2026-05-07 01:43:10.234 [http-nio-8080-exec-8] INFO  o.a.c.c.C.[Tomcat].[localhost].[/] - Initializing Spring DispatcherServlet 'dispatcherServlet'
2026-05-07 01:43:10.235 [http-nio-8080-exec-8] INFO  o.s.web.servlet.DispatcherServlet - Initializing Servlet 'dispatcherServlet'
2026-05-07 01:43:10.236 [http-nio-8080-exec-8] INFO  o.s.web.servlet.DispatcherServlet - Completed initialization in 1 ms
2026-05-07 01:43:10.256 [http-nio-8080-exec-8] INFO  c.s.c.s.controller.ProductController - GET /products - fetching all products
2026-05-07 01:43:10.301 [http-nio-8080-exec-8] INFO  c.s.c.s.controller.ProductController - Returning 2 products
2026-05-07 01:43:46.075 [http-nio-8080-exec-6] INFO  c.s.c.s.controller.ProductController - POST /product/add - adding product: Iphone
2026-05-07 01:43:46.087 [http-nio-8080-exec-6] INFO  c.s.c.s.controller.ProductController - Product saved successfully with id: 3
2026-05-07 01:44:00.621 [http-nio-8080-exec-2] INFO  c.l.web.WebsocketEmulationController - Connection closed [sessionId=be74fb3b8b2021f5, user=<anonymous>, reason=page closed]
2026-05-07 01:44:26.971 [http-nio-8080-exec-1] INFO  c.l.web.WebsocketEmulationController - Connection opened [sessionId=7cfa5384ee14bd21, user=<anonymous>]
2026-05-07 02:22:08.880 [http-nio-8080-exec-5] INFO  c.l.web.WebsocketEmulationController - Connection closed [sessionId=7cfa5384ee14bd21, user=<anonymous>, reason=page closed]
2026-05-07 02:23:24.914 [HikariPool-1 housekeeper] WARN  com.zaxxer.hikari.pool.HikariPool - HikariPool-1 - Thread starvation or clock leap detected (housekeeper delta=1m35s534ms).
2026-05-07 02:29:21.991 [http-nio-8080-exec-10] INFO  c.l.web.WebsocketEmulationController - Connection opened [sessionId=c13f621827cd3aa8, user=<anonymous>]
2026-05-07 02:30:13.225 [http-nio-8080-exec-9] WARN  o.s.w.s.m.s.DefaultHandlerExceptionResolver - Resolved [org.springframework.web.context.request.async.AsyncRequestNotUsableException: ServletOutputStream failed to flush: java.nio.channels.ClosedChannelException]
2026-05-07 02:30:13.227 [SpringApplicationShutdownHook] INFO  o.s.o.j.LocalContainerEntityManagerFactoryBean - Closing JPA EntityManagerFactory for persistence unit 'default'
2026-05-07 02:30:13.228 [SpringApplicationShutdownHook] INFO  com.zaxxer.hikari.HikariDataSource - HikariPool-1 - Shutdown initiated...
2026-05-07 02:30:13.230 [SpringApplicationShutdownHook] INFO  com.zaxxer.hikari.HikariDataSource - HikariPool-1 - Shutdown completed.
2026-05-07 02:30:13.230 [SpringApplicationShutdownHook] ERROR c.l.web.WebsocketEmulationController - Failed to close page: c13f621827cd3aa8
java.lang.RuntimeException: java.lang.reflect.InvocationTargetException
	at com.logviewer.utils.DelegateProxy.invoke(DelegateProxy.java:37)
	at jdk.proxy2/jdk.proxy2.$Proxy133.complete(Unknown Source)
	at com.logviewer.web.WebsocketEmulationController$ConnectionSession.close(WebsocketEmulationController.java:264)
	at com.logviewer.web.WebsocketEmulationController$ConnectionSession.access$000(WebsocketEmulationController.java:117)
	at com.logviewer.web.WebsocketEmulationController.close(WebsocketEmulationController.java:110)
	at com.logviewer.utils.Utils.closeQuietly(Utils.java:69)
	at com.logviewer.web.LogViewerServletHandler.destroy(LogViewerServletHandler.java:247)
	at com.logviewer.web.LogViewerServletJakarta.destroy(LogViewerServletJakarta.java:33)
	at org.apache.catalina.core.StandardWrapper.unload(StandardWrapper.java:960)
	at org.apache.catalina.core.StandardWrapper.stopInternal(StandardWrapper.java:1214)
	at org.apache.catalina.util.LifecycleBase.stop(LifecycleBase.java:231)
	at org.apache.catalina.core.StandardContext.stopInternal(StandardContext.java:4636)
	at org.apache.catalina.util.LifecycleBase.stop(LifecycleBase.java:231)
	at org.apache.catalina.core.ContainerBase$StopChild.call(ContainerBase.java:1219)
	at org.apache.catalina.core.ContainerBase$StopChild.call(ContainerBase.java:1208)
	at java.base/java.util.concurrent.FutureTask.run(FutureTask.java:330)
	at org.apache.tomcat.util.threads.InlineExecutorService.execute(InlineExecutorService.java:75)
	at java.base/java.util.concurrent.AbstractExecutorService.submit(AbstractExecutorService.java:149)
	at org.apache.catalina.core.ContainerBase.stopInternal(ContainerBase.java:814)
	at org.apache.catalina.util.LifecycleBase.stop(LifecycleBase.java:231)
	at org.apache.catalina.core.ContainerBase$StopChild.call(ContainerBase.java:1219)
	at org.apache.catalina.core.ContainerBase$StopChild.call(ContainerBase.java:1208)
	at java.base/java.util.concurrent.FutureTask.run(FutureTask.java:330)
	at org.apache.tomcat.util.threads.InlineExecutorService.execute(InlineExecutorService.java:75)
	at java.base/java.util.concurrent.AbstractExecutorService.submit(AbstractExecutorService.java:149)
	at org.apache.catalina.core.ContainerBase.stopInternal(ContainerBase.java:814)
	at org.apache.catalina.util.LifecycleBase.stop(LifecycleBase.java:231)
	at org.apache.catalina.core.StandardService.stopInternal(StandardService.java:471)
	at org.apache.catalina.util.LifecycleBase.stop(LifecycleBase.java:231)
	at org.apache.catalina.core.StandardServer.stopInternal(StandardServer.java:915)
	at org.apache.catalina.util.LifecycleBase.stop(LifecycleBase.java:231)
	at org.apache.catalina.startup.Tomcat.stop(Tomcat.java:447)
	at org.springframework.boot.web.embedded.tomcat.TomcatWebServer.stopTomcat(TomcatWebServer.java:301)
	at org.springframework.boot.web.embedded.tomcat.TomcatWebServer.destroy(TomcatWebServer.java:374)
	at org.springframework.boot.web.servlet.context.ServletWebServerApplicationContext.doClose(ServletWebServerApplicationContext.java:177)
	at org.springframework.context.support.AbstractApplicationContext.close(AbstractApplicationContext.java:1102)
	at org.springframework.boot.SpringApplicationShutdownHook.closeAndWait(SpringApplicationShutdownHook.java:145)
	at java.base/java.lang.Iterable.forEach(Iterable.java:75)
	at org.springframework.boot.SpringApplicationShutdownHook.run(SpringApplicationShutdownHook.java:114)
	at java.base/java.lang.Thread.run(Thread.java:1516)
Caused by: java.lang.reflect.InvocationTargetException: null
	at java.base/jdk.internal.reflect.DirectMethodHandleAccessor.invoke(DirectMethodHandleAccessor.java:119)
	at java.base/java.lang.reflect.Method.invoke(Method.java:565)
	at com.logviewer.utils.DelegateProxy.invoke(DelegateProxy.java:35)
	... 39 common frames omitted
Caused by: java.lang.IllegalStateException: The request associated with the AsyncContext has already completed processing.
	at org.apache.catalina.core.AsyncContextImpl.check(AsyncContextImpl.java:529)
	at org.apache.catalina.core.AsyncContextImpl.complete(AsyncContextImpl.java:92)
	at java.base/jdk.internal.reflect.DirectMethodHandleAccessor.invoke(DirectMethodHandleAccessor.java:104)
	... 41 common frames omitted
2026-05-07 02:30:14.986 [main] INFO  c.s.c.s.SpringCrudApplication - Starting SpringCrudApplication using Java 26 with PID 8914 (/Users/ramzan/Documents/spring_crud_api/target/classes started by ramzan in /Users/ramzan/Documents/spring_crud_api)
2026-05-07 02:30:14.987 [main] INFO  c.s.c.s.SpringCrudApplication - No active profile set, falling back to 1 default profile: "default"
2026-05-07 02:30:15.171 [main] INFO  o.s.d.r.c.RepositoryConfigurationDelegate - Bootstrapping Spring Data JPA repositories in DEFAULT mode.
2026-05-07 02:30:15.185 [main] INFO  o.s.d.r.c.RepositoryConfigurationDelegate - Finished Spring Data repository scanning in 11 ms. Found 1 JPA repository interface.
2026-05-07 02:30:15.333 [main] INFO  o.s.b.w.e.tomcat.TomcatWebServer - Tomcat initialized with port 8080 (http)
2026-05-07 02:30:15.336 [main] INFO  o.a.coyote.http11.Http11NioProtocol - Initializing ProtocolHandler ["http-nio-8080"]
2026-05-07 02:30:15.337 [main] INFO  o.a.catalina.core.StandardService - Starting service [Tomcat]
2026-05-07 02:30:15.337 [main] INFO  o.a.catalina.core.StandardEngine - Starting Servlet engine: [Apache Tomcat/10.1.31]
2026-05-07 02:30:15.349 [main] INFO  o.a.c.c.C.[Tomcat].[localhost].[/] - Initializing Spring embedded WebApplicationContext
2026-05-07 02:30:15.349 [main] INFO  o.s.b.w.s.c.ServletWebServerApplicationContext - Root WebApplicationContext: initialization completed in 346 ms
2026-05-07 02:30:15.401 [main] INFO  o.h.jpa.internal.util.LogHelper - HHH000204: Processing PersistenceUnitInfo [name: default]
2026-05-07 02:30:15.418 [main] INFO  org.hibernate.Version - HHH000412: Hibernate ORM core version 6.5.3.Final
2026-05-07 02:30:15.428 [main] INFO  o.h.c.i.RegionFactoryInitiator - HHH000026: Second-level cache disabled
2026-05-07 02:30:15.521 [main] INFO  o.s.o.j.p.SpringPersistenceUnitInfo - No LoadTimeWeaver setup: ignoring JPA class transformer
2026-05-07 02:30:15.529 [main] INFO  com.zaxxer.hikari.HikariDataSource - HikariPool-1 - Starting...
2026-05-07 02:30:15.632 [main] INFO  com.zaxxer.hikari.pool.HikariPool - HikariPool-1 - Added connection com.mysql.cj.jdbc.ConnectionImpl@73d91faf
2026-05-07 02:30:15.633 [main] INFO  com.zaxxer.hikari.HikariDataSource - HikariPool-1 - Start completed.
2026-05-07 02:30:15.649 [main] WARN  org.hibernate.orm.deprecation - HHH90000025: MySQL8Dialect does not need to be specified explicitly using 'hibernate.dialect' (remove the property setting and it will be selected by default)
2026-05-07 02:30:15.649 [main] WARN  org.hibernate.orm.deprecation - HHH90000026: MySQL8Dialect has been deprecated; use org.hibernate.dialect.MySQLDialect instead
2026-05-07 02:30:15.885 [main] INFO  o.h.e.t.j.p.i.JtaPlatformInitiator - HHH000489: No JTA platform available (set 'hibernate.transaction.jta.platform' to enable JTA platform integration)
2026-05-07 02:30:15.900 [main] INFO  o.s.o.j.LocalContainerEntityManagerFactoryBean - Initialized JPA EntityManagerFactory for persistence unit 'default'
2026-05-07 02:30:16.009 [main] WARN  o.s.b.a.o.j.JpaBaseConfiguration$JpaWebConfiguration - spring.jpa.open-in-view is enabled by default. Therefore, database queries may be performed during view rendering. Explicitly configure spring.jpa.open-in-view to disable this warning
2026-05-07 02:30:16.117 [main] INFO  o.a.coyote.http11.Http11NioProtocol - Starting ProtocolHandler ["http-nio-8080"]
2026-05-07 02:30:16.124 [main] INFO  o.s.b.w.e.tomcat.TomcatWebServer - Tomcat started on port 8080 (http) with context path '/'
2026-05-07 02:30:16.127 [main] INFO  c.s.c.s.SpringCrudApplication - Started SpringCrudApplication in 1.298 seconds (process running for 1.494)
2026-05-07 02:30:19.695 [http-nio-8080-exec-2] INFO  c.l.web.WebsocketEmulationController - Connection opened [sessionId=81bc5ea087c3b89f, user=<anonymous>]
2026-05-07 02:37:59.280 [http-nio-8080-exec-4] INFO  c.l.web.WebsocketEmulationController - Connection closed [sessionId=81bc5ea087c3b89f, user=<anonymous>, reason=page closed]
2026-05-07 02:51:19.928 [HikariPool-1 housekeeper] WARN  com.zaxxer.hikari.pool.HikariPool - HikariPool-1 - Thread starvation or clock leap detected (housekeeper delta=13m34s135ms).
2026-05-07 03:07:46.642 [HikariPool-1 housekeeper] WARN  com.zaxxer.hikari.pool.HikariPool - HikariPool-1 - Thread starvation or clock leap detected (housekeeper delta=6m26s628ms).
2026-05-07 03:08:03.735 [SpringApplicationShutdownHook] INFO  o.s.o.j.LocalContainerEntityManagerFactoryBean - Closing JPA EntityManagerFactory for persistence unit 'default'
2026-05-07 03:08:03.736 [SpringApplicationShutdownHook] INFO  com.zaxxer.hikari.HikariDataSource - HikariPool-1 - Shutdown initiated...
2026-05-07 03:08:03.738 [SpringApplicationShutdownHook] INFO  com.zaxxer.hikari.HikariDataSource - HikariPool-1 - Shutdown completed.
